[16-Mar-2024 17:39:20 UTC] PHP Warning:  Attempt to read property "title" on null in /Users/local/Local Sites/myfirstwebsite/app/public/wp-includes/class-wp-customize-widgets.php on line 905
[16-Mar-2024 19:56:05 UTC] PHP Fatal error:  Uncaught Error: Call to undefined function bloginfo() in /Users/local/Local Sites/myfirstwebsite/app/public/wp-content/themes/wpbootstrap/index.php:10
Stack trace:
#0 {main}
  thrown in /Users/local/Local Sites/myfirstwebsite/app/public/wp-content/themes/wpbootstrap/index.php on line 10
[16-Mar-2024 19:56:07 UTC] PHP Fatal error:  Uncaught Error: Call to undefined function bloginfo() in /Users/local/Local Sites/myfirstwebsite/app/public/wp-content/themes/wpbootstrap/index.php:10
Stack trace:
#0 {main}
  thrown in /Users/local/Local Sites/myfirstwebsite/app/public/wp-content/themes/wpbootstrap/index.php on line 10
[16-Mar-2024 19:56:08 UTC] PHP Fatal error:  Uncaught Error: Call to undefined function bloginfo() in /Users/local/Local Sites/myfirstwebsite/app/public/wp-content/themes/wpbootstrap/index.php:10
Stack trace:
#0 {main}
  thrown in /Users/local/Local Sites/myfirstwebsite/app/public/wp-content/themes/wpbootstrap/index.php on line 10
[16-Mar-2024 20:01:18 UTC] PHP Warning:  Undefined variable $user in /Users/local/Local Sites/myfirstwebsite/app/public/wp-content/themes/wpbootstrap/index.php on line 14
[16-Mar-2024 20:01:18 UTC] PHP Warning:  Trying to access array offset on null in /Users/local/Local Sites/myfirstwebsite/app/public/wp-content/themes/wpbootstrap/index.php on line 14
[16-Mar-2024 20:01:18 UTC] PHP Warning:  Undefined variable $user in /Users/local/Local Sites/myfirstwebsite/app/public/wp-content/themes/wpbootstrap/index.php on line 14
[16-Mar-2024 20:01:18 UTC] PHP Warning:  Trying to access array offset on null in /Users/local/Local Sites/myfirstwebsite/app/public/wp-content/themes/wpbootstrap/index.php on line 14
[16-Mar-2024 20:01:18 UTC] PHP Warning:  Undefined variable $user in /Users/local/Local Sites/myfirstwebsite/app/public/wp-content/themes/wpbootstrap/index.php on line 14
[16-Mar-2024 20:01:18 UTC] PHP Warning:  Trying to access array offset on null in /Users/local/Local Sites/myfirstwebsite/app/public/wp-content/themes/wpbootstrap/index.php on line 14
[16-Mar-2024 20:01:18 UTC] PHP Warning:  Undefined variable $user in /Users/local/Local Sites/myfirstwebsite/app/public/wp-content/themes/wpbootstrap/index.php on line 14
[16-Mar-2024 20:01:18 UTC] PHP Warning:  Trying to access array offset on null in /Users/local/Local Sites/myfirstwebsite/app/public/wp-content/themes/wpbootstrap/index.php on line 14
[16-Mar-2024 20:01:18 UTC] PHP Warning:  Undefined variable $user in /Users/local/Local Sites/myfirstwebsite/app/public/wp-content/themes/wpbootstrap/index.php on line 14
[16-Mar-2024 20:01:18 UTC] PHP Warning:  Trying to access array offset on null in /Users/local/Local Sites/myfirstwebsite/app/public/wp-content/themes/wpbootstrap/index.php on line 14
[16-Mar-2024 20:01:18 UTC] PHP Warning:  Undefined variable $user in /Users/local/Local Sites/myfirstwebsite/app/public/wp-content/themes/wpbootstrap/index.php on line 14
[16-Mar-2024 20:01:18 UTC] PHP Warning:  Trying to access array offset on null in /Users/local/Local Sites/myfirstwebsite/app/public/wp-content/themes/wpbootstrap/index.php on line 14
[16-Mar-2024 20:01:18 UTC] PHP Warning:  Undefined variable $user in /Users/local/Local Sites/myfirstwebsite/app/public/wp-content/themes/wpbootstrap/index.php on line 14
[16-Mar-2024 20:01:18 UTC] PHP Warning:  Trying to access array offset on null in /Users/local/Local Sites/myfirstwebsite/app/public/wp-content/themes/wpbootstrap/index.php on line 14
[16-Mar-2024 20:01:18 UTC] PHP Warning:  Undefined variable $user in /Users/local/Local Sites/myfirstwebsite/app/public/wp-content/themes/wpbootstrap/index.php on line 14
[16-Mar-2024 20:01:18 UTC] PHP Warning:  Trying to access array offset on null in /Users/local/Local Sites/myfirstwebsite/app/public/wp-content/themes/wpbootstrap/index.php on line 14
[16-Mar-2024 20:01:54 UTC] PHP Warning:  Undefined variable $user in /Users/local/Local Sites/myfirstwebsite/app/public/wp-content/themes/wpbootstrap/index.php on line 14
[16-Mar-2024 20:01:54 UTC] PHP Warning:  Trying to access array offset on null in /Users/local/Local Sites/myfirstwebsite/app/public/wp-content/themes/wpbootstrap/index.php on line 14
[16-Mar-2024 20:01:54 UTC] PHP Warning:  Undefined variable $user in /Users/local/Local Sites/myfirstwebsite/app/public/wp-content/themes/wpbootstrap/index.php on line 14
[16-Mar-2024 20:01:54 UTC] PHP Warning:  Undefined variable $user in /Users/local/Local Sites/myfirstwebsite/app/public/wp-content/themes/wpbootstrap/index.php on line 14
[16-Mar-2024 20:01:54 UTC] PHP Warning:  Trying to access array offset on null in /Users/local/Local Sites/myfirstwebsite/app/public/wp-content/themes/wpbootstrap/index.php on line 14
[16-Mar-2024 20:01:54 UTC] PHP Warning:  Trying to access array offset on null in /Users/local/Local Sites/myfirstwebsite/app/public/wp-content/themes/wpbootstrap/index.php on line 14
[16-Mar-2024 20:01:54 UTC] PHP Warning:  Undefined variable $user in /Users/local/Local Sites/myfirstwebsite/app/public/wp-content/themes/wpbootstrap/index.php on line 14
[16-Mar-2024 20:01:54 UTC] PHP Warning:  Undefined variable $user in /Users/local/Local Sites/myfirstwebsite/app/public/wp-content/themes/wpbootstrap/index.php on line 14
[16-Mar-2024 20:01:54 UTC] PHP Warning:  Trying to access array offset on null in /Users/local/Local Sites/myfirstwebsite/app/public/wp-content/themes/wpbootstrap/index.php on line 14
[16-Mar-2024 20:01:54 UTC] PHP Warning:  Trying to access array offset on null in /Users/local/Local Sites/myfirstwebsite/app/public/wp-content/themes/wpbootstrap/index.php on line 14
[16-Mar-2024 20:01:54 UTC] PHP Warning:  Undefined variable $user in /Users/local/Local Sites/myfirstwebsite/app/public/wp-content/themes/wpbootstrap/index.php on line 14
[16-Mar-2024 20:01:54 UTC] PHP Warning:  Undefined variable $user in /Users/local/Local Sites/myfirstwebsite/app/public/wp-content/themes/wpbootstrap/index.php on line 14
[16-Mar-2024 20:01:54 UTC] PHP Warning:  Trying to access array offset on null in /Users/local/Local Sites/myfirstwebsite/app/public/wp-content/themes/wpbootstrap/index.php on line 14
[16-Mar-2024 20:01:54 UTC] PHP Warning:  Trying to access array offset on null in /Users/local/Local Sites/myfirstwebsite/app/public/wp-content/themes/wpbootstrap/index.php on line 14
[16-Mar-2024 20:01:54 UTC] PHP Warning:  Undefined variable $user in /Users/local/Local Sites/myfirstwebsite/app/public/wp-content/themes/wpbootstrap/index.php on line 14
[16-Mar-2024 20:01:54 UTC] PHP Warning:  Trying to access array offset on null in /Users/local/Local Sites/myfirstwebsite/app/public/wp-content/themes/wpbootstrap/index.php on line 14
[16-Mar-2024 20:01:55 UTC] PHP Warning:  Undefined variable $user in /Users/local/Local Sites/myfirstwebsite/app/public/wp-content/themes/wpbootstrap/index.php on line 14
[16-Mar-2024 20:01:55 UTC] PHP Warning:  Trying to access array offset on null in /Users/local/Local Sites/myfirstwebsite/app/public/wp-content/themes/wpbootstrap/index.php on line 14
[16-Mar-2024 20:01:55 UTC] PHP Warning:  Undefined variable $user in /Users/local/Local Sites/myfirstwebsite/app/public/wp-content/themes/wpbootstrap/index.php on line 14
[16-Mar-2024 20:01:55 UTC] PHP Warning:  Undefined variable $user in /Users/local/Local Sites/myfirstwebsite/app/public/wp-content/themes/wpbootstrap/index.php on line 14
[16-Mar-2024 20:01:55 UTC] PHP Warning:  Trying to access array offset on null in /Users/local/Local Sites/myfirstwebsite/app/public/wp-content/themes/wpbootstrap/index.php on line 14
[16-Mar-2024 20:01:55 UTC] PHP Warning:  Trying to access array offset on null in /Users/local/Local Sites/myfirstwebsite/app/public/wp-content/themes/wpbootstrap/index.php on line 14
[16-Mar-2024 20:01:55 UTC] PHP Warning:  Undefined variable $user in /Users/local/Local Sites/myfirstwebsite/app/public/wp-content/themes/wpbootstrap/index.php on line 14
[16-Mar-2024 20:01:55 UTC] PHP Warning:  Undefined variable $user in /Users/local/Local Sites/myfirstwebsite/app/public/wp-content/themes/wpbootstrap/index.php on line 14
[16-Mar-2024 20:01:55 UTC] PHP Warning:  Trying to access array offset on null in /Users/local/Local Sites/myfirstwebsite/app/public/wp-content/themes/wpbootstrap/index.php on line 14
[16-Mar-2024 20:01:55 UTC] PHP Warning:  Trying to access array offset on null in /Users/local/Local Sites/myfirstwebsite/app/public/wp-content/themes/wpbootstrap/index.php on line 14
[16-Mar-2024 20:01:55 UTC] PHP Warning:  Undefined variable $user in /Users/local/Local Sites/myfirstwebsite/app/public/wp-content/themes/wpbootstrap/index.php on line 14
[16-Mar-2024 20:01:55 UTC] PHP Warning:  Undefined variable $user in /Users/local/Local Sites/myfirstwebsite/app/public/wp-content/themes/wpbootstrap/index.php on line 14
[16-Mar-2024 20:01:55 UTC] PHP Warning:  Trying to access array offset on null in /Users/local/Local Sites/myfirstwebsite/app/public/wp-content/themes/wpbootstrap/index.php on line 14
[16-Mar-2024 20:01:55 UTC] PHP Warning:  Trying to access array offset on null in /Users/local/Local Sites/myfirstwebsite/app/public/wp-content/themes/wpbootstrap/index.php on line 14
[16-Mar-2024 20:01:55 UTC] PHP Warning:  Undefined variable $user in /Users/local/Local Sites/myfirstwebsite/app/public/wp-content/themes/wpbootstrap/index.php on line 14
[16-Mar-2024 20:01:55 UTC] PHP Warning:  Trying to access array offset on null in /Users/local/Local Sites/myfirstwebsite/app/public/wp-content/themes/wpbootstrap/index.php on line 14
[16-Mar-2024 20:02:06 UTC] PHP Warning:  Undefined variable $user in /Users/local/Local Sites/myfirstwebsite/app/public/wp-content/themes/wpbootstrap/index.php on line 14
[16-Mar-2024 20:02:06 UTC] PHP Warning:  Trying to access array offset on null in /Users/local/Local Sites/myfirstwebsite/app/public/wp-content/themes/wpbootstrap/index.php on line 14
[16-Mar-2024 20:02:06 UTC] PHP Warning:  Undefined variable $user in /Users/local/Local Sites/myfirstwebsite/app/public/wp-content/themes/wpbootstrap/index.php on line 14
[16-Mar-2024 20:02:06 UTC] PHP Warning:  Trying to access array offset on null in /Users/local/Local Sites/myfirstwebsite/app/public/wp-content/themes/wpbootstrap/index.php on line 14
[16-Mar-2024 20:02:06 UTC] PHP Warning:  Undefined variable $user in /Users/local/Local Sites/myfirstwebsite/app/public/wp-content/themes/wpbootstrap/index.php on line 14
[16-Mar-2024 20:02:06 UTC] PHP Warning:  Trying to access array offset on null in /Users/local/Local Sites/myfirstwebsite/app/public/wp-content/themes/wpbootstrap/index.php on line 14
[16-Mar-2024 20:02:06 UTC] PHP Warning:  Undefined variable $user in /Users/local/Local Sites/myfirstwebsite/app/public/wp-content/themes/wpbootstrap/index.php on line 14
[16-Mar-2024 20:02:06 UTC] PHP Warning:  Undefined variable $user in /Users/local/Local Sites/myfirstwebsite/app/public/wp-content/themes/wpbootstrap/index.php on line 14
[16-Mar-2024 20:02:06 UTC] PHP Warning:  Trying to access array offset on null in /Users/local/Local Sites/myfirstwebsite/app/public/wp-content/themes/wpbootstrap/index.php on line 14
[16-Mar-2024 20:02:06 UTC] PHP Warning:  Trying to access array offset on null in /Users/local/Local Sites/myfirstwebsite/app/public/wp-content/themes/wpbootstrap/index.php on line 14
[16-Mar-2024 20:02:06 UTC] PHP Warning:  Undefined variable $user in /Users/local/Local Sites/myfirstwebsite/app/public/wp-content/themes/wpbootstrap/index.php on line 14
[16-Mar-2024 20:02:06 UTC] PHP Warning:  Undefined variable $user in /Users/local/Local Sites/myfirstwebsite/app/public/wp-content/themes/wpbootstrap/index.php on line 14
[16-Mar-2024 20:02:06 UTC] PHP Warning:  Trying to access array offset on null in /Users/local/Local Sites/myfirstwebsite/app/public/wp-content/themes/wpbootstrap/index.php on line 14
[16-Mar-2024 20:02:06 UTC] PHP Warning:  Trying to access array offset on null in /Users/local/Local Sites/myfirstwebsite/app/public/wp-content/themes/wpbootstrap/index.php on line 14
[16-Mar-2024 20:02:06 UTC] PHP Warning:  Undefined variable $user in /Users/local/Local Sites/myfirstwebsite/app/public/wp-content/themes/wpbootstrap/index.php on line 14
[16-Mar-2024 20:02:06 UTC] PHP Warning:  Trying to access array offset on null in /Users/local/Local Sites/myfirstwebsite/app/public/wp-content/themes/wpbootstrap/index.php on line 14
[16-Mar-2024 20:02:25 UTC] PHP Warning:  Undefined variable $user in /Users/local/Local Sites/myfirstwebsite/app/public/wp-content/themes/wpbootstrap/index.php on line 14
[16-Mar-2024 20:02:25 UTC] PHP Warning:  Trying to access array offset on null in /Users/local/Local Sites/myfirstwebsite/app/public/wp-content/themes/wpbootstrap/index.php on line 14
[16-Mar-2024 20:02:25 UTC] PHP Warning:  include(stylesheet.php): Failed to open stream: No such file or directory in /Users/local/Local Sites/myfirstwebsite/app/public/wp-content/themes/wpbootstrap/index.php on line 16
[16-Mar-2024 20:02:25 UTC] PHP Warning:  include(): Failed opening 'stylesheet.php' for inclusion (include_path='.:/usr/share/php:/www/wp-content/pear') in /Users/local/Local Sites/myfirstwebsite/app/public/wp-content/themes/wpbootstrap/index.php on line 16
[16-Mar-2024 20:02:25 UTC] PHP Warning:  Undefined variable $user in /Users/local/Local Sites/myfirstwebsite/app/public/wp-content/themes/wpbootstrap/index.php on line 14
[16-Mar-2024 20:02:25 UTC] PHP Warning:  Trying to access array offset on null in /Users/local/Local Sites/myfirstwebsite/app/public/wp-content/themes/wpbootstrap/index.php on line 14
[16-Mar-2024 20:02:25 UTC] PHP Warning:  include(stylesheet.php): Failed to open stream: No such file or directory in /Users/local/Local Sites/myfirstwebsite/app/public/wp-content/themes/wpbootstrap/index.php on line 16
[16-Mar-2024 20:02:25 UTC] PHP Warning:  include(): Failed opening 'stylesheet.php' for inclusion (include_path='.:/usr/share/php:/www/wp-content/pear') in /Users/local/Local Sites/myfirstwebsite/app/public/wp-content/themes/wpbootstrap/index.php on line 16
[16-Mar-2024 20:02:25 UTC] PHP Warning:  Undefined variable $user in /Users/local/Local Sites/myfirstwebsite/app/public/wp-content/themes/wpbootstrap/index.php on line 14
[16-Mar-2024 20:02:25 UTC] PHP Warning:  Trying to access array offset on null in /Users/local/Local Sites/myfirstwebsite/app/public/wp-content/themes/wpbootstrap/index.php on line 14
[16-Mar-2024 20:02:25 UTC] PHP Warning:  include(stylesheet.php): Failed to open stream: No such file or directory in /Users/local/Local Sites/myfirstwebsite/app/public/wp-content/themes/wpbootstrap/index.php on line 16
[16-Mar-2024 20:02:25 UTC] PHP Warning:  include(): Failed opening 'stylesheet.php' for inclusion (include_path='.:/usr/share/php:/www/wp-content/pear') in /Users/local/Local Sites/myfirstwebsite/app/public/wp-content/themes/wpbootstrap/index.php on line 16
[16-Mar-2024 20:02:25 UTC] PHP Warning:  Undefined variable $user in /Users/local/Local Sites/myfirstwebsite/app/public/wp-content/themes/wpbootstrap/index.php on line 14
[16-Mar-2024 20:02:25 UTC] PHP Warning:  Undefined variable $user in /Users/local/Local Sites/myfirstwebsite/app/public/wp-content/themes/wpbootstrap/index.php on line 14
[16-Mar-2024 20:02:25 UTC] PHP Warning:  Trying to access array offset on null in /Users/local/Local Sites/myfirstwebsite/app/public/wp-content/themes/wpbootstrap/index.php on line 14
[16-Mar-2024 20:02:25 UTC] PHP Warning:  Trying to access array offset on null in /Users/local/Local Sites/myfirstwebsite/app/public/wp-content/themes/wpbootstrap/index.php on line 14
[16-Mar-2024 20:02:25 UTC] PHP Warning:  include(stylesheet.php): Failed to open stream: No such file or directory in /Users/local/Local Sites/myfirstwebsite/app/public/wp-content/themes/wpbootstrap/index.php on line 16
[16-Mar-2024 20:02:25 UTC] PHP Warning:  include(stylesheet.php): Failed to open stream: No such file or directory in /Users/local/Local Sites/myfirstwebsite/app/public/wp-content/themes/wpbootstrap/index.php on line 16
[16-Mar-2024 20:02:25 UTC] PHP Warning:  include(): Failed opening 'stylesheet.php' for inclusion (include_path='.:/usr/share/php:/www/wp-content/pear') in /Users/local/Local Sites/myfirstwebsite/app/public/wp-content/themes/wpbootstrap/index.php on line 16
[16-Mar-2024 20:02:25 UTC] PHP Warning:  include(): Failed opening 'stylesheet.php' for inclusion (include_path='.:/usr/share/php:/www/wp-content/pear') in /Users/local/Local Sites/myfirstwebsite/app/public/wp-content/themes/wpbootstrap/index.php on line 16
[16-Mar-2024 20:02:25 UTC] PHP Warning:  Undefined variable $user in /Users/local/Local Sites/myfirstwebsite/app/public/wp-content/themes/wpbootstrap/index.php on line 14
[16-Mar-2024 20:02:25 UTC] PHP Warning:  Undefined variable $user in /Users/local/Local Sites/myfirstwebsite/app/public/wp-content/themes/wpbootstrap/index.php on line 14
[16-Mar-2024 20:02:25 UTC] PHP Warning:  Trying to access array offset on null in /Users/local/Local Sites/myfirstwebsite/app/public/wp-content/themes/wpbootstrap/index.php on line 14
[16-Mar-2024 20:02:25 UTC] PHP Warning:  Trying to access array offset on null in /Users/local/Local Sites/myfirstwebsite/app/public/wp-content/themes/wpbootstrap/index.php on line 14
[16-Mar-2024 20:02:25 UTC] PHP Warning:  include(stylesheet.php): Failed to open stream: No such file or directory in /Users/local/Local Sites/myfirstwebsite/app/public/wp-content/themes/wpbootstrap/index.php on line 16
[16-Mar-2024 20:02:25 UTC] PHP Warning:  include(): Failed opening 'stylesheet.php' for inclusion (include_path='.:/usr/share/php:/www/wp-content/pear') in /Users/local/Local Sites/myfirstwebsite/app/public/wp-content/themes/wpbootstrap/index.php on line 16
[16-Mar-2024 20:02:25 UTC] PHP Warning:  include(stylesheet.php): Failed to open stream: No such file or directory in /Users/local/Local Sites/myfirstwebsite/app/public/wp-content/themes/wpbootstrap/index.php on line 16
[16-Mar-2024 20:02:25 UTC] PHP Warning:  include(): Failed opening 'stylesheet.php' for inclusion (include_path='.:/usr/share/php:/www/wp-content/pear') in /Users/local/Local Sites/myfirstwebsite/app/public/wp-content/themes/wpbootstrap/index.php on line 16
[16-Mar-2024 20:02:25 UTC] PHP Warning:  Undefined variable $user in /Users/local/Local Sites/myfirstwebsite/app/public/wp-content/themes/wpbootstrap/index.php on line 14
[16-Mar-2024 20:02:25 UTC] PHP Warning:  Trying to access array offset on null in /Users/local/Local Sites/myfirstwebsite/app/public/wp-content/themes/wpbootstrap/index.php on line 14
[16-Mar-2024 20:02:25 UTC] PHP Warning:  include(stylesheet.php): Failed to open stream: No such file or directory in /Users/local/Local Sites/myfirstwebsite/app/public/wp-content/themes/wpbootstrap/index.php on line 16
[16-Mar-2024 20:02:25 UTC] PHP Warning:  include(): Failed opening 'stylesheet.php' for inclusion (include_path='.:/usr/share/php:/www/wp-content/pear') in /Users/local/Local Sites/myfirstwebsite/app/public/wp-content/themes/wpbootstrap/index.php on line 16
[16-Mar-2024 20:02:26 UTC] PHP Warning:  Undefined variable $user in /Users/local/Local Sites/myfirstwebsite/app/public/wp-content/themes/wpbootstrap/index.php on line 14
[16-Mar-2024 20:02:26 UTC] PHP Warning:  Trying to access array offset on null in /Users/local/Local Sites/myfirstwebsite/app/public/wp-content/themes/wpbootstrap/index.php on line 14
[16-Mar-2024 20:02:26 UTC] PHP Warning:  include(stylesheet.php): Failed to open stream: No such file or directory in /Users/local/Local Sites/myfirstwebsite/app/public/wp-content/themes/wpbootstrap/index.php on line 16
[16-Mar-2024 20:02:26 UTC] PHP Warning:  include(): Failed opening 'stylesheet.php' for inclusion (include_path='.:/usr/share/php:/www/wp-content/pear') in /Users/local/Local Sites/myfirstwebsite/app/public/wp-content/themes/wpbootstrap/index.php on line 16
[16-Mar-2024 20:02:26 UTC] PHP Warning:  Undefined variable $user in /Users/local/Local Sites/myfirstwebsite/app/public/wp-content/themes/wpbootstrap/index.php on line 14
[16-Mar-2024 20:02:26 UTC] PHP Warning:  Undefined variable $user in /Users/local/Local Sites/myfirstwebsite/app/public/wp-content/themes/wpbootstrap/index.php on line 14
[16-Mar-2024 20:02:26 UTC] PHP Warning:  Trying to access array offset on null in /Users/local/Local Sites/myfirstwebsite/app/public/wp-content/themes/wpbootstrap/index.php on line 14
[16-Mar-2024 20:02:26 UTC] PHP Warning:  include(stylesheet.php): Failed to open stream: No such file or directory in /Users/local/Local Sites/myfirstwebsite/app/public/wp-content/themes/wpbootstrap/index.php on line 16
[16-Mar-2024 20:02:26 UTC] PHP Warning:  Trying to access array offset on null in /Users/local/Local Sites/myfirstwebsite/app/public/wp-content/themes/wpbootstrap/index.php on line 14
[16-Mar-2024 20:02:26 UTC] PHP Warning:  include(): Failed opening 'stylesheet.php' for inclusion (include_path='.:/usr/share/php:/www/wp-content/pear') in /Users/local/Local Sites/myfirstwebsite/app/public/wp-content/themes/wpbootstrap/index.php on line 16
[16-Mar-2024 20:02:26 UTC] PHP Warning:  include(stylesheet.php): Failed to open stream: No such file or directory in /Users/local/Local Sites/myfirstwebsite/app/public/wp-content/themes/wpbootstrap/index.php on line 16
[16-Mar-2024 20:02:26 UTC] PHP Warning:  include(): Failed opening 'stylesheet.php' for inclusion (include_path='.:/usr/share/php:/www/wp-content/pear') in /Users/local/Local Sites/myfirstwebsite/app/public/wp-content/themes/wpbootstrap/index.php on line 16
[16-Mar-2024 20:02:26 UTC] PHP Warning:  Undefined variable $user in /Users/local/Local Sites/myfirstwebsite/app/public/wp-content/themes/wpbootstrap/index.php on line 14
[16-Mar-2024 20:02:26 UTC] PHP Warning:  Undefined variable $user in /Users/local/Local Sites/myfirstwebsite/app/public/wp-content/themes/wpbootstrap/index.php on line 14
[16-Mar-2024 20:02:26 UTC] PHP Warning:  Trying to access array offset on null in /Users/local/Local Sites/myfirstwebsite/app/public/wp-content/themes/wpbootstrap/index.php on line 14
[16-Mar-2024 20:02:26 UTC] PHP Warning:  Trying to access array offset on null in /Users/local/Local Sites/myfirstwebsite/app/public/wp-content/themes/wpbootstrap/index.php on line 14
[16-Mar-2024 20:02:26 UTC] PHP Warning:  include(stylesheet.php): Failed to open stream: No such file or directory in /Users/local/Local Sites/myfirstwebsite/app/public/wp-content/themes/wpbootstrap/index.php on line 16
[16-Mar-2024 20:02:26 UTC] PHP Warning:  include(stylesheet.php): Failed to open stream: No such file or directory in /Users/local/Local Sites/myfirstwebsite/app/public/wp-content/themes/wpbootstrap/index.php on line 16
[16-Mar-2024 20:02:26 UTC] PHP Warning:  include(): Failed opening 'stylesheet.php' for inclusion (include_path='.:/usr/share/php:/www/wp-content/pear') in /Users/local/Local Sites/myfirstwebsite/app/public/wp-content/themes/wpbootstrap/index.php on line 16
[16-Mar-2024 20:02:26 UTC] PHP Warning:  include(): Failed opening 'stylesheet.php' for inclusion (include_path='.:/usr/share/php:/www/wp-content/pear') in /Users/local/Local Sites/myfirstwebsite/app/public/wp-content/themes/wpbootstrap/index.php on line 16
[16-Mar-2024 20:02:26 UTC] PHP Warning:  Undefined variable $user in /Users/local/Local Sites/myfirstwebsite/app/public/wp-content/themes/wpbootstrap/index.php on line 14
[16-Mar-2024 20:02:26 UTC] PHP Warning:  Undefined variable $user in /Users/local/Local Sites/myfirstwebsite/app/public/wp-content/themes/wpbootstrap/index.php on line 14
[16-Mar-2024 20:02:26 UTC] PHP Warning:  Trying to access array offset on null in /Users/local/Local Sites/myfirstwebsite/app/public/wp-content/themes/wpbootstrap/index.php on line 14
[16-Mar-2024 20:02:26 UTC] PHP Warning:  Trying to access array offset on null in /Users/local/Local Sites/myfirstwebsite/app/public/wp-content/themes/wpbootstrap/index.php on line 14
[16-Mar-2024 20:02:26 UTC] PHP Warning:  include(stylesheet.php): Failed to open stream: No such file or directory in /Users/local/Local Sites/myfirstwebsite/app/public/wp-content/themes/wpbootstrap/index.php on line 16
[16-Mar-2024 20:02:26 UTC] PHP Warning:  include(stylesheet.php): Failed to open stream: No such file or directory in /Users/local/Local Sites/myfirstwebsite/app/public/wp-content/themes/wpbootstrap/index.php on line 16
[16-Mar-2024 20:02:26 UTC] PHP Warning:  include(): Failed opening 'stylesheet.php' for inclusion (include_path='.:/usr/share/php:/www/wp-content/pear') in /Users/local/Local Sites/myfirstwebsite/app/public/wp-content/themes/wpbootstrap/index.php on line 16
[16-Mar-2024 20:02:26 UTC] PHP Warning:  include(): Failed opening 'stylesheet.php' for inclusion (include_path='.:/usr/share/php:/www/wp-content/pear') in /Users/local/Local Sites/myfirstwebsite/app/public/wp-content/themes/wpbootstrap/index.php on line 16
[16-Mar-2024 20:02:26 UTC] PHP Warning:  Undefined variable $user in /Users/local/Local Sites/myfirstwebsite/app/public/wp-content/themes/wpbootstrap/index.php on line 14
[16-Mar-2024 20:02:26 UTC] PHP Warning:  Trying to access array offset on null in /Users/local/Local Sites/myfirstwebsite/app/public/wp-content/themes/wpbootstrap/index.php on line 14
[16-Mar-2024 20:02:26 UTC] PHP Warning:  include(stylesheet.php): Failed to open stream: No such file or directory in /Users/local/Local Sites/myfirstwebsite/app/public/wp-content/themes/wpbootstrap/index.php on line 16
[16-Mar-2024 20:02:26 UTC] PHP Warning:  include(): Failed opening 'stylesheet.php' for inclusion (include_path='.:/usr/share/php:/www/wp-content/pear') in /Users/local/Local Sites/myfirstwebsite/app/public/wp-content/themes/wpbootstrap/index.php on line 16
[16-Mar-2024 20:03:20 UTC] PHP Warning:  Undefined variable $user in /Users/local/Local Sites/myfirstwebsite/app/public/wp-content/themes/wpbootstrap/index.php on line 14
[16-Mar-2024 20:03:20 UTC] PHP Warning:  Trying to access array offset on null in /Users/local/Local Sites/myfirstwebsite/app/public/wp-content/themes/wpbootstrap/index.php on line 14
[16-Mar-2024 20:03:20 UTC] PHP Warning:  include(stylesheet.php): Failed to open stream: No such file or directory in /Users/local/Local Sites/myfirstwebsite/app/public/wp-content/themes/wpbootstrap/index.php on line 16
[16-Mar-2024 20:03:20 UTC] PHP Warning:  include(): Failed opening 'stylesheet.php' for inclusion (include_path='.:/usr/share/php:/www/wp-content/pear') in /Users/local/Local Sites/myfirstwebsite/app/public/wp-content/themes/wpbootstrap/index.php on line 16
[16-Mar-2024 20:03:20 UTC] PHP Warning:  Undefined variable $user in /Users/local/Local Sites/myfirstwebsite/app/public/wp-content/themes/wpbootstrap/index.php on line 14
[16-Mar-2024 20:03:20 UTC] PHP Warning:  Trying to access array offset on null in /Users/local/Local Sites/myfirstwebsite/app/public/wp-content/themes/wpbootstrap/index.php on line 14
[16-Mar-2024 20:03:20 UTC] PHP Warning:  include(stylesheet.php): Failed to open stream: No such file or directory in /Users/local/Local Sites/myfirstwebsite/app/public/wp-content/themes/wpbootstrap/index.php on line 16
[16-Mar-2024 20:03:20 UTC] PHP Warning:  include(): Failed opening 'stylesheet.php' for inclusion (include_path='.:/usr/share/php:/www/wp-content/pear') in /Users/local/Local Sites/myfirstwebsite/app/public/wp-content/themes/wpbootstrap/index.php on line 16
[16-Mar-2024 20:03:20 UTC] PHP Warning:  Undefined variable $user in /Users/local/Local Sites/myfirstwebsite/app/public/wp-content/themes/wpbootstrap/index.php on line 14
[16-Mar-2024 20:03:20 UTC] PHP Warning:  Trying to access array offset on null in /Users/local/Local Sites/myfirstwebsite/app/public/wp-content/themes/wpbootstrap/index.php on line 14
[16-Mar-2024 20:03:20 UTC] PHP Warning:  include(stylesheet.php): Failed to open stream: No such file or directory in /Users/local/Local Sites/myfirstwebsite/app/public/wp-content/themes/wpbootstrap/index.php on line 16
[16-Mar-2024 20:03:20 UTC] PHP Warning:  include(): Failed opening 'stylesheet.php' for inclusion (include_path='.:/usr/share/php:/www/wp-content/pear') in /Users/local/Local Sites/myfirstwebsite/app/public/wp-content/themes/wpbootstrap/index.php on line 16
[16-Mar-2024 20:03:20 UTC] PHP Warning:  Undefined variable $user in /Users/local/Local Sites/myfirstwebsite/app/public/wp-content/themes/wpbootstrap/index.php on line 14
[16-Mar-2024 20:03:20 UTC] PHP Warning:  Undefined variable $user in /Users/local/Local Sites/myfirstwebsite/app/public/wp-content/themes/wpbootstrap/index.php on line 14
[16-Mar-2024 20:03:20 UTC] PHP Warning:  Trying to access array offset on null in /Users/local/Local Sites/myfirstwebsite/app/public/wp-content/themes/wpbootstrap/index.php on line 14
[16-Mar-2024 20:03:20 UTC] PHP Warning:  Trying to access array offset on null in /Users/local/Local Sites/myfirstwebsite/app/public/wp-content/themes/wpbootstrap/index.php on line 14
[16-Mar-2024 20:03:20 UTC] PHP Warning:  include(stylesheet.php): Failed to open stream: No such file or directory in /Users/local/Local Sites/myfirstwebsite/app/public/wp-content/themes/wpbootstrap/index.php on line 16
[16-Mar-2024 20:03:20 UTC] PHP Warning:  include(stylesheet.php): Failed to open stream: No such file or directory in /Users/local/Local Sites/myfirstwebsite/app/public/wp-content/themes/wpbootstrap/index.php on line 16
[16-Mar-2024 20:03:20 UTC] PHP Warning:  include(): Failed opening 'stylesheet.php' for inclusion (include_path='.:/usr/share/php:/www/wp-content/pear') in /Users/local/Local Sites/myfirstwebsite/app/public/wp-content/themes/wpbootstrap/index.php on line 16
[16-Mar-2024 20:03:20 UTC] PHP Warning:  include(): Failed opening 'stylesheet.php' for inclusion (include_path='.:/usr/share/php:/www/wp-content/pear') in /Users/local/Local Sites/myfirstwebsite/app/public/wp-content/themes/wpbootstrap/index.php on line 16
[16-Mar-2024 20:03:20 UTC] PHP Warning:  Undefined variable $user in /Users/local/Local Sites/myfirstwebsite/app/public/wp-content/themes/wpbootstrap/index.php on line 14
[16-Mar-2024 20:03:20 UTC] PHP Warning:  Undefined variable $user in /Users/local/Local Sites/myfirstwebsite/app/public/wp-content/themes/wpbootstrap/index.php on line 14
[16-Mar-2024 20:03:20 UTC] PHP Warning:  Trying to access array offset on null in /Users/local/Local Sites/myfirstwebsite/app/public/wp-content/themes/wpbootstrap/index.php on line 14
[16-Mar-2024 20:03:20 UTC] PHP Warning:  Trying to access array offset on null in /Users/local/Local Sites/myfirstwebsite/app/public/wp-content/themes/wpbootstrap/index.php on line 14
[16-Mar-2024 20:03:20 UTC] PHP Warning:  include(stylesheet.php): Failed to open stream: No such file or directory in /Users/local/Local Sites/myfirstwebsite/app/public/wp-content/themes/wpbootstrap/index.php on line 16
[16-Mar-2024 20:03:20 UTC] PHP Warning:  include(stylesheet.php): Failed to open stream: No such file or directory in /Users/local/Local Sites/myfirstwebsite/app/public/wp-content/themes/wpbootstrap/index.php on line 16
[16-Mar-2024 20:03:20 UTC] PHP Warning:  include(): Failed opening 'stylesheet.php' for inclusion (include_path='.:/usr/share/php:/www/wp-content/pear') in /Users/local/Local Sites/myfirstwebsite/app/public/wp-content/themes/wpbootstrap/index.php on line 16
[16-Mar-2024 20:03:20 UTC] PHP Warning:  include(): Failed opening 'stylesheet.php' for inclusion (include_path='.:/usr/share/php:/www/wp-content/pear') in /Users/local/Local Sites/myfirstwebsite/app/public/wp-content/themes/wpbootstrap/index.php on line 16
[16-Mar-2024 20:03:20 UTC] PHP Warning:  Undefined variable $user in /Users/local/Local Sites/myfirstwebsite/app/public/wp-content/themes/wpbootstrap/index.php on line 14
[16-Mar-2024 20:03:20 UTC] PHP Warning:  Trying to access array offset on null in /Users/local/Local Sites/myfirstwebsite/app/public/wp-content/themes/wpbootstrap/index.php on line 14
[16-Mar-2024 20:03:20 UTC] PHP Warning:  include(stylesheet.php): Failed to open stream: No such file or directory in /Users/local/Local Sites/myfirstwebsite/app/public/wp-content/themes/wpbootstrap/index.php on line 16
[16-Mar-2024 20:03:20 UTC] PHP Warning:  include(): Failed opening 'stylesheet.php' for inclusion (include_path='.:/usr/share/php:/www/wp-content/pear') in /Users/local/Local Sites/myfirstwebsite/app/public/wp-content/themes/wpbootstrap/index.php on line 16
[16-Mar-2024 20:05:18 UTC] PHP Warning:  Undefined variable $user in /Users/local/Local Sites/myfirstwebsite/app/public/wp-content/themes/wpbootstrap/index.php on line 14
[16-Mar-2024 20:05:18 UTC] PHP Warning:  Trying to access array offset on null in /Users/local/Local Sites/myfirstwebsite/app/public/wp-content/themes/wpbootstrap/index.php on line 14
[16-Mar-2024 20:05:18 UTC] PHP Warning:  include(stylesheet.php): Failed to open stream: No such file or directory in /Users/local/Local Sites/myfirstwebsite/app/public/wp-content/themes/wpbootstrap/index.php on line 16
[16-Mar-2024 20:05:18 UTC] PHP Warning:  include(): Failed opening 'stylesheet.php' for inclusion (include_path='.:/usr/share/php:/www/wp-content/pear') in /Users/local/Local Sites/myfirstwebsite/app/public/wp-content/themes/wpbootstrap/index.php on line 16
[16-Mar-2024 20:05:18 UTC] PHP Warning:  Undefined variable $user in /Users/local/Local Sites/myfirstwebsite/app/public/wp-content/themes/wpbootstrap/index.php on line 14
[16-Mar-2024 20:05:18 UTC] PHP Warning:  Trying to access array offset on null in /Users/local/Local Sites/myfirstwebsite/app/public/wp-content/themes/wpbootstrap/index.php on line 14
[16-Mar-2024 20:05:18 UTC] PHP Warning:  include(stylesheet.php): Failed to open stream: No such file or directory in /Users/local/Local Sites/myfirstwebsite/app/public/wp-content/themes/wpbootstrap/index.php on line 16
[16-Mar-2024 20:05:18 UTC] PHP Warning:  include(): Failed opening 'stylesheet.php' for inclusion (include_path='.:/usr/share/php:/www/wp-content/pear') in /Users/local/Local Sites/myfirstwebsite/app/public/wp-content/themes/wpbootstrap/index.php on line 16
[16-Mar-2024 20:05:18 UTC] PHP Warning:  Undefined variable $user in /Users/local/Local Sites/myfirstwebsite/app/public/wp-content/themes/wpbootstrap/index.php on line 14
[16-Mar-2024 20:05:18 UTC] PHP Warning:  Trying to access array offset on null in /Users/local/Local Sites/myfirstwebsite/app/public/wp-content/themes/wpbootstrap/index.php on line 14
[16-Mar-2024 20:05:18 UTC] PHP Warning:  include(stylesheet.php): Failed to open stream: No such file or directory in /Users/local/Local Sites/myfirstwebsite/app/public/wp-content/themes/wpbootstrap/index.php on line 16
[16-Mar-2024 20:05:18 UTC] PHP Warning:  include(): Failed opening 'stylesheet.php' for inclusion (include_path='.:/usr/share/php:/www/wp-content/pear') in /Users/local/Local Sites/myfirstwebsite/app/public/wp-content/themes/wpbootstrap/index.php on line 16
[16-Mar-2024 20:05:18 UTC] PHP Warning:  Undefined variable $user in /Users/local/Local Sites/myfirstwebsite/app/public/wp-content/themes/wpbootstrap/index.php on line 14
[16-Mar-2024 20:05:18 UTC] PHP Warning:  Trying to access array offset on null in /Users/local/Local Sites/myfirstwebsite/app/public/wp-content/themes/wpbootstrap/index.php on line 14
[16-Mar-2024 20:05:18 UTC] PHP Warning:  include(stylesheet.php): Failed to open stream: No such file or directory in /Users/local/Local Sites/myfirstwebsite/app/public/wp-content/themes/wpbootstrap/index.php on line 16
[16-Mar-2024 20:05:18 UTC] PHP Warning:  include(): Failed opening 'stylesheet.php' for inclusion (include_path='.:/usr/share/php:/www/wp-content/pear') in /Users/local/Local Sites/myfirstwebsite/app/public/wp-content/themes/wpbootstrap/index.php on line 16
[16-Mar-2024 20:05:18 UTC] PHP Warning:  Undefined variable $user in /Users/local/Local Sites/myfirstwebsite/app/public/wp-content/themes/wpbootstrap/index.php on line 14
[16-Mar-2024 20:05:18 UTC] PHP Warning:  Trying to access array offset on null in /Users/local/Local Sites/myfirstwebsite/app/public/wp-content/themes/wpbootstrap/index.php on line 14
[16-Mar-2024 20:05:18 UTC] PHP Warning:  include(stylesheet.php): Failed to open stream: No such file or directory in /Users/local/Local Sites/myfirstwebsite/app/public/wp-content/themes/wpbootstrap/index.php on line 16
[16-Mar-2024 20:05:18 UTC] PHP Warning:  include(): Failed opening 'stylesheet.php' for inclusion (include_path='.:/usr/share/php:/www/wp-content/pear') in /Users/local/Local Sites/myfirstwebsite/app/public/wp-content/themes/wpbootstrap/index.php on line 16
[16-Mar-2024 20:05:18 UTC] PHP Warning:  Undefined variable $user in /Users/local/Local Sites/myfirstwebsite/app/public/wp-content/themes/wpbootstrap/index.php on line 14
[16-Mar-2024 20:05:18 UTC] PHP Warning:  Trying to access array offset on null in /Users/local/Local Sites/myfirstwebsite/app/public/wp-content/themes/wpbootstrap/index.php on line 14
[16-Mar-2024 20:05:18 UTC] PHP Warning:  include(stylesheet.php): Failed to open stream: No such file or directory in /Users/local/Local Sites/myfirstwebsite/app/public/wp-content/themes/wpbootstrap/index.php on line 16
[16-Mar-2024 20:05:18 UTC] PHP Warning:  include(): Failed opening 'stylesheet.php' for inclusion (include_path='.:/usr/share/php:/www/wp-content/pear') in /Users/local/Local Sites/myfirstwebsite/app/public/wp-content/themes/wpbootstrap/index.php on line 16
[16-Mar-2024 20:05:18 UTC] PHP Warning:  Undefined variable $user in /Users/local/Local Sites/myfirstwebsite/app/public/wp-content/themes/wpbootstrap/index.php on line 14
[16-Mar-2024 20:05:18 UTC] PHP Warning:  Trying to access array offset on null in /Users/local/Local Sites/myfirstwebsite/app/public/wp-content/themes/wpbootstrap/index.php on line 14
[16-Mar-2024 20:05:18 UTC] PHP Warning:  include(stylesheet.php): Failed to open stream: No such file or directory in /Users/local/Local Sites/myfirstwebsite/app/public/wp-content/themes/wpbootstrap/index.php on line 16
[16-Mar-2024 20:05:18 UTC] PHP Warning:  include(): Failed opening 'stylesheet.php' for inclusion (include_path='.:/usr/share/php:/www/wp-content/pear') in /Users/local/Local Sites/myfirstwebsite/app/public/wp-content/themes/wpbootstrap/index.php on line 16
[16-Mar-2024 20:05:18 UTC] PHP Warning:  Undefined variable $user in /Users/local/Local Sites/myfirstwebsite/app/public/wp-content/themes/wpbootstrap/index.php on line 14
[16-Mar-2024 20:05:18 UTC] PHP Warning:  Trying to access array offset on null in /Users/local/Local Sites/myfirstwebsite/app/public/wp-content/themes/wpbootstrap/index.php on line 14
[16-Mar-2024 20:05:18 UTC] PHP Warning:  include(stylesheet.php): Failed to open stream: No such file or directory in /Users/local/Local Sites/myfirstwebsite/app/public/wp-content/themes/wpbootstrap/index.php on line 16
[16-Mar-2024 20:05:18 UTC] PHP Warning:  include(): Failed opening 'stylesheet.php' for inclusion (include_path='.:/usr/share/php:/www/wp-content/pear') in /Users/local/Local Sites/myfirstwebsite/app/public/wp-content/themes/wpbootstrap/index.php on line 16
[16-Mar-2024 20:05:21 UTC] PHP Warning:  Undefined variable $user in /Users/local/Local Sites/myfirstwebsite/app/public/wp-content/themes/wpbootstrap/index.php on line 14
[16-Mar-2024 20:05:21 UTC] PHP Warning:  Trying to access array offset on null in /Users/local/Local Sites/myfirstwebsite/app/public/wp-content/themes/wpbootstrap/index.php on line 14
[16-Mar-2024 20:05:21 UTC] PHP Warning:  include(stylesheet.php): Failed to open stream: No such file or directory in /Users/local/Local Sites/myfirstwebsite/app/public/wp-content/themes/wpbootstrap/index.php on line 16
[16-Mar-2024 20:05:21 UTC] PHP Warning:  include(): Failed opening 'stylesheet.php' for inclusion (include_path='.:/usr/share/php:/www/wp-content/pear') in /Users/local/Local Sites/myfirstwebsite/app/public/wp-content/themes/wpbootstrap/index.php on line 16
[16-Mar-2024 20:08:00 UTC] PHP Warning:  Undefined variable $user in /Users/local/Local Sites/myfirstwebsite/app/public/wp-content/themes/wpbootstrap/index.php on line 13
[16-Mar-2024 20:08:00 UTC] PHP Warning:  Trying to access array offset on null in /Users/local/Local Sites/myfirstwebsite/app/public/wp-content/themes/wpbootstrap/index.php on line 13
[16-Mar-2024 20:08:00 UTC] PHP Warning:  include(stylesheet.php): Failed to open stream: No such file or directory in /Users/local/Local Sites/myfirstwebsite/app/public/wp-content/themes/wpbootstrap/index.php on line 15
[16-Mar-2024 20:08:00 UTC] PHP Warning:  include(): Failed opening 'stylesheet.php' for inclusion (include_path='.:/usr/share/php:/www/wp-content/pear') in /Users/local/Local Sites/myfirstwebsite/app/public/wp-content/themes/wpbootstrap/index.php on line 15
[16-Mar-2024 20:08:00 UTC] PHP Warning:  Undefined variable $user in /Users/local/Local Sites/myfirstwebsite/app/public/wp-content/themes/wpbootstrap/index.php on line 13
[16-Mar-2024 20:08:00 UTC] PHP Warning:  Trying to access array offset on null in /Users/local/Local Sites/myfirstwebsite/app/public/wp-content/themes/wpbootstrap/index.php on line 13
[16-Mar-2024 20:08:00 UTC] PHP Warning:  include(stylesheet.php): Failed to open stream: No such file or directory in /Users/local/Local Sites/myfirstwebsite/app/public/wp-content/themes/wpbootstrap/index.php on line 15
[16-Mar-2024 20:08:00 UTC] PHP Warning:  include(): Failed opening 'stylesheet.php' for inclusion (include_path='.:/usr/share/php:/www/wp-content/pear') in /Users/local/Local Sites/myfirstwebsite/app/public/wp-content/themes/wpbootstrap/index.php on line 15
[16-Mar-2024 20:08:00 UTC] PHP Warning:  Undefined variable $user in /Users/local/Local Sites/myfirstwebsite/app/public/wp-content/themes/wpbootstrap/index.php on line 13
[16-Mar-2024 20:08:00 UTC] PHP Warning:  Trying to access array offset on null in /Users/local/Local Sites/myfirstwebsite/app/public/wp-content/themes/wpbootstrap/index.php on line 13
[16-Mar-2024 20:08:00 UTC] PHP Warning:  include(stylesheet.php): Failed to open stream: No such file or directory in /Users/local/Local Sites/myfirstwebsite/app/public/wp-content/themes/wpbootstrap/index.php on line 15
[16-Mar-2024 20:08:00 UTC] PHP Warning:  include(): Failed opening 'stylesheet.php' for inclusion (include_path='.:/usr/share/php:/www/wp-content/pear') in /Users/local/Local Sites/myfirstwebsite/app/public/wp-content/themes/wpbootstrap/index.php on line 15
[16-Mar-2024 20:08:00 UTC] PHP Warning:  Undefined variable $user in /Users/local/Local Sites/myfirstwebsite/app/public/wp-content/themes/wpbootstrap/index.php on line 13
[16-Mar-2024 20:08:00 UTC] PHP Warning:  Trying to access array offset on null in /Users/local/Local Sites/myfirstwebsite/app/public/wp-content/themes/wpbootstrap/index.php on line 13
[16-Mar-2024 20:08:00 UTC] PHP Warning:  include(stylesheet.php): Failed to open stream: No such file or directory in /Users/local/Local Sites/myfirstwebsite/app/public/wp-content/themes/wpbootstrap/index.php on line 15
[16-Mar-2024 20:08:00 UTC] PHP Warning:  include(): Failed opening 'stylesheet.php' for inclusion (include_path='.:/usr/share/php:/www/wp-content/pear') in /Users/local/Local Sites/myfirstwebsite/app/public/wp-content/themes/wpbootstrap/index.php on line 15
[16-Mar-2024 20:08:00 UTC] PHP Warning:  Undefined variable $user in /Users/local/Local Sites/myfirstwebsite/app/public/wp-content/themes/wpbootstrap/index.php on line 13
[16-Mar-2024 20:08:00 UTC] PHP Warning:  Trying to access array offset on null in /Users/local/Local Sites/myfirstwebsite/app/public/wp-content/themes/wpbootstrap/index.php on line 13
[16-Mar-2024 20:08:00 UTC] PHP Warning:  include(stylesheet.php): Failed to open stream: No such file or directory in /Users/local/Local Sites/myfirstwebsite/app/public/wp-content/themes/wpbootstrap/index.php on line 15
[16-Mar-2024 20:08:00 UTC] PHP Warning:  include(): Failed opening 'stylesheet.php' for inclusion (include_path='.:/usr/share/php:/www/wp-content/pear') in /Users/local/Local Sites/myfirstwebsite/app/public/wp-content/themes/wpbootstrap/index.php on line 15
[16-Mar-2024 20:08:00 UTC] PHP Warning:  Undefined variable $user in /Users/local/Local Sites/myfirstwebsite/app/public/wp-content/themes/wpbootstrap/index.php on line 13
[16-Mar-2024 20:08:00 UTC] PHP Warning:  Undefined variable $user in /Users/local/Local Sites/myfirstwebsite/app/public/wp-content/themes/wpbootstrap/index.php on line 13
[16-Mar-2024 20:08:00 UTC] PHP Warning:  Trying to access array offset on null in /Users/local/Local Sites/myfirstwebsite/app/public/wp-content/themes/wpbootstrap/index.php on line 13
[16-Mar-2024 20:08:00 UTC] PHP Warning:  Trying to access array offset on null in /Users/local/Local Sites/myfirstwebsite/app/public/wp-content/themes/wpbootstrap/index.php on line 13
[16-Mar-2024 20:08:00 UTC] PHP Warning:  include(stylesheet.php): Failed to open stream: No such file or directory in /Users/local/Local Sites/myfirstwebsite/app/public/wp-content/themes/wpbootstrap/index.php on line 15
[16-Mar-2024 20:08:00 UTC] PHP Warning:  include(): Failed opening 'stylesheet.php' for inclusion (include_path='.:/usr/share/php:/www/wp-content/pear') in /Users/local/Local Sites/myfirstwebsite/app/public/wp-content/themes/wpbootstrap/index.php on line 15
[16-Mar-2024 20:08:00 UTC] PHP Warning:  include(stylesheet.php): Failed to open stream: No such file or directory in /Users/local/Local Sites/myfirstwebsite/app/public/wp-content/themes/wpbootstrap/index.php on line 15
[16-Mar-2024 20:08:00 UTC] PHP Warning:  include(): Failed opening 'stylesheet.php' for inclusion (include_path='.:/usr/share/php:/www/wp-content/pear') in /Users/local/Local Sites/myfirstwebsite/app/public/wp-content/themes/wpbootstrap/index.php on line 15
[16-Mar-2024 20:08:00 UTC] PHP Warning:  Undefined variable $user in /Users/local/Local Sites/myfirstwebsite/app/public/wp-content/themes/wpbootstrap/index.php on line 13
[16-Mar-2024 20:08:00 UTC] PHP Warning:  Trying to access array offset on null in /Users/local/Local Sites/myfirstwebsite/app/public/wp-content/themes/wpbootstrap/index.php on line 13
[16-Mar-2024 20:08:00 UTC] PHP Warning:  include(stylesheet.php): Failed to open stream: No such file or directory in /Users/local/Local Sites/myfirstwebsite/app/public/wp-content/themes/wpbootstrap/index.php on line 15
[16-Mar-2024 20:08:00 UTC] PHP Warning:  include(): Failed opening 'stylesheet.php' for inclusion (include_path='.:/usr/share/php:/www/wp-content/pear') in /Users/local/Local Sites/myfirstwebsite/app/public/wp-content/themes/wpbootstrap/index.php on line 15
[16-Mar-2024 20:10:22 UTC] PHP Warning:  Undefined variable $user in /Users/local/Local Sites/myfirstwebsite/app/public/wp-content/themes/wpbootstrap/index.php on line 14
[16-Mar-2024 20:10:22 UTC] PHP Warning:  Trying to access array offset on null in /Users/local/Local Sites/myfirstwebsite/app/public/wp-content/themes/wpbootstrap/index.php on line 14
[16-Mar-2024 20:10:22 UTC] PHP Warning:  include(stylesheet.php): Failed to open stream: No such file or directory in /Users/local/Local Sites/myfirstwebsite/app/public/wp-content/themes/wpbootstrap/index.php on line 16
[16-Mar-2024 20:10:22 UTC] PHP Warning:  include(): Failed opening 'stylesheet.php' for inclusion (include_path='.:/usr/share/php:/www/wp-content/pear') in /Users/local/Local Sites/myfirstwebsite/app/public/wp-content/themes/wpbootstrap/index.php on line 16
[16-Mar-2024 20:10:22 UTC] PHP Warning:  Undefined variable $user in /Users/local/Local Sites/myfirstwebsite/app/public/wp-content/themes/wpbootstrap/index.php on line 14
[16-Mar-2024 20:10:22 UTC] PHP Warning:  Trying to access array offset on null in /Users/local/Local Sites/myfirstwebsite/app/public/wp-content/themes/wpbootstrap/index.php on line 14
[16-Mar-2024 20:10:22 UTC] PHP Warning:  include(stylesheet.php): Failed to open stream: No such file or directory in /Users/local/Local Sites/myfirstwebsite/app/public/wp-content/themes/wpbootstrap/index.php on line 16
[16-Mar-2024 20:10:22 UTC] PHP Warning:  include(): Failed opening 'stylesheet.php' for inclusion (include_path='.:/usr/share/php:/www/wp-content/pear') in /Users/local/Local Sites/myfirstwebsite/app/public/wp-content/themes/wpbootstrap/index.php on line 16
[16-Mar-2024 20:10:22 UTC] PHP Warning:  Undefined variable $user in /Users/local/Local Sites/myfirstwebsite/app/public/wp-content/themes/wpbootstrap/index.php on line 14
[16-Mar-2024 20:10:22 UTC] PHP Warning:  Trying to access array offset on null in /Users/local/Local Sites/myfirstwebsite/app/public/wp-content/themes/wpbootstrap/index.php on line 14
[16-Mar-2024 20:10:22 UTC] PHP Warning:  include(stylesheet.php): Failed to open stream: No such file or directory in /Users/local/Local Sites/myfirstwebsite/app/public/wp-content/themes/wpbootstrap/index.php on line 16
[16-Mar-2024 20:10:22 UTC] PHP Warning:  include(): Failed opening 'stylesheet.php' for inclusion (include_path='.:/usr/share/php:/www/wp-content/pear') in /Users/local/Local Sites/myfirstwebsite/app/public/wp-content/themes/wpbootstrap/index.php on line 16
[16-Mar-2024 20:10:22 UTC] PHP Warning:  Undefined variable $user in /Users/local/Local Sites/myfirstwebsite/app/public/wp-content/themes/wpbootstrap/index.php on line 14
[16-Mar-2024 20:10:22 UTC] PHP Warning:  Trying to access array offset on null in /Users/local/Local Sites/myfirstwebsite/app/public/wp-content/themes/wpbootstrap/index.php on line 14
[16-Mar-2024 20:10:22 UTC] PHP Warning:  include(stylesheet.php): Failed to open stream: No such file or directory in /Users/local/Local Sites/myfirstwebsite/app/public/wp-content/themes/wpbootstrap/index.php on line 16
[16-Mar-2024 20:10:22 UTC] PHP Warning:  include(): Failed opening 'stylesheet.php' for inclusion (include_path='.:/usr/share/php:/www/wp-content/pear') in /Users/local/Local Sites/myfirstwebsite/app/public/wp-content/themes/wpbootstrap/index.php on line 16
[16-Mar-2024 20:10:22 UTC] PHP Warning:  Undefined variable $user in /Users/local/Local Sites/myfirstwebsite/app/public/wp-content/themes/wpbootstrap/index.php on line 14
[16-Mar-2024 20:10:22 UTC] PHP Warning:  Trying to access array offset on null in /Users/local/Local Sites/myfirstwebsite/app/public/wp-content/themes/wpbootstrap/index.php on line 14
[16-Mar-2024 20:10:22 UTC] PHP Warning:  include(stylesheet.php): Failed to open stream: No such file or directory in /Users/local/Local Sites/myfirstwebsite/app/public/wp-content/themes/wpbootstrap/index.php on line 16
[16-Mar-2024 20:10:22 UTC] PHP Warning:  include(): Failed opening 'stylesheet.php' for inclusion (include_path='.:/usr/share/php:/www/wp-content/pear') in /Users/local/Local Sites/myfirstwebsite/app/public/wp-content/themes/wpbootstrap/index.php on line 16
[16-Mar-2024 20:10:22 UTC] PHP Warning:  Undefined variable $user in /Users/local/Local Sites/myfirstwebsite/app/public/wp-content/themes/wpbootstrap/index.php on line 14
[16-Mar-2024 20:10:22 UTC] PHP Warning:  Trying to access array offset on null in /Users/local/Local Sites/myfirstwebsite/app/public/wp-content/themes/wpbootstrap/index.php on line 14
[16-Mar-2024 20:10:22 UTC] PHP Warning:  include(stylesheet.php): Failed to open stream: No such file or directory in /Users/local/Local Sites/myfirstwebsite/app/public/wp-content/themes/wpbootstrap/index.php on line 16
[16-Mar-2024 20:10:22 UTC] PHP Warning:  include(): Failed opening 'stylesheet.php' for inclusion (include_path='.:/usr/share/php:/www/wp-content/pear') in /Users/local/Local Sites/myfirstwebsite/app/public/wp-content/themes/wpbootstrap/index.php on line 16
[16-Mar-2024 20:10:22 UTC] PHP Warning:  Undefined variable $user in /Users/local/Local Sites/myfirstwebsite/app/public/wp-content/themes/wpbootstrap/index.php on line 14
[16-Mar-2024 20:10:22 UTC] PHP Warning:  Trying to access array offset on null in /Users/local/Local Sites/myfirstwebsite/app/public/wp-content/themes/wpbootstrap/index.php on line 14
[16-Mar-2024 20:10:22 UTC] PHP Warning:  include(stylesheet.php): Failed to open stream: No such file or directory in /Users/local/Local Sites/myfirstwebsite/app/public/wp-content/themes/wpbootstrap/index.php on line 16
[16-Mar-2024 20:10:22 UTC] PHP Warning:  include(): Failed opening 'stylesheet.php' for inclusion (include_path='.:/usr/share/php:/www/wp-content/pear') in /Users/local/Local Sites/myfirstwebsite/app/public/wp-content/themes/wpbootstrap/index.php on line 16
[16-Mar-2024 20:10:22 UTC] PHP Warning:  Undefined variable $user in /Users/local/Local Sites/myfirstwebsite/app/public/wp-content/themes/wpbootstrap/index.php on line 14
[16-Mar-2024 20:10:22 UTC] PHP Warning:  Trying to access array offset on null in /Users/local/Local Sites/myfirstwebsite/app/public/wp-content/themes/wpbootstrap/index.php on line 14
[16-Mar-2024 20:10:22 UTC] PHP Warning:  include(stylesheet.php): Failed to open stream: No such file or directory in /Users/local/Local Sites/myfirstwebsite/app/public/wp-content/themes/wpbootstrap/index.php on line 16
[16-Mar-2024 20:10:22 UTC] PHP Warning:  include(): Failed opening 'stylesheet.php' for inclusion (include_path='.:/usr/share/php:/www/wp-content/pear') in /Users/local/Local Sites/myfirstwebsite/app/public/wp-content/themes/wpbootstrap/index.php on line 16
[16-Mar-2024 20:55:45 UTC] PHP Warning:  Attempt to read property "title" on null in /Users/local/Local Sites/myfirstwebsite/app/public/wp-includes/class-wp-customize-widgets.php on line 905
[16-Mar-2024 22:23:26 UTC] PHP Warning:  Attempt to read property "title" on null in /Users/local/Local Sites/myfirstwebsite/app/public/wp-includes/class-wp-customize-widgets.php on line 905
[16-Mar-2024 22:35:20 UTC] PHP Warning:  Attempt to read property "title" on null in /Users/local/Local Sites/myfirstwebsite/app/public/wp-includes/class-wp-customize-widgets.php on line 905
[16-Mar-2024 22:36:22 UTC] PHP Warning:  Attempt to read property "title" on null in /Users/local/Local Sites/myfirstwebsite/app/public/wp-includes/class-wp-customize-widgets.php on line 905
[16-Mar-2024 22:36:38 UTC] PHP Warning:  Attempt to read property "title" on null in /Users/local/Local Sites/myfirstwebsite/app/public/wp-includes/class-wp-customize-widgets.php on line 905
[16-Mar-2024 22:41:31 UTC] PHP Warning:  Attempt to read property "title" on null in /Users/local/Local Sites/myfirstwebsite/app/public/wp-includes/class-wp-customize-widgets.php on line 905
[16-Mar-2024 22:43:46 UTC] PHP Warning:  Attempt to read property "title" on null in /Users/local/Local Sites/myfirstwebsite/app/public/wp-includes/class-wp-customize-widgets.php on line 905
[16-Mar-2024 22:46:23 UTC] PHP Warning:  Attempt to read property "title" on null in /Users/local/Local Sites/myfirstwebsite/app/public/wp-includes/class-wp-customize-widgets.php on line 905
[16-Mar-2024 22:47:37 UTC] PHP Warning:  Attempt to read property "title" on null in /Users/local/Local Sites/myfirstwebsite/app/public/wp-includes/class-wp-customize-widgets.php on line 905
[16-Mar-2024 22:55:01 UTC] PHP Warning:  Attempt to read property "title" on null in /Users/local/Local Sites/myfirstwebsite/app/public/wp-includes/class-wp-customize-widgets.php on line 905
[16-Mar-2024 22:57:05 UTC] PHP Warning:  Attempt to read property "title" on null in /Users/local/Local Sites/myfirstwebsite/app/public/wp-includes/class-wp-customize-widgets.php on line 905
[16-Mar-2024 23:05:51 UTC] PHP Warning:  Attempt to read property "title" on null in /Users/local/Local Sites/myfirstwebsite/app/public/wp-includes/class-wp-customize-widgets.php on line 905
[16-Mar-2024 23:08:29 UTC] PHP Warning:  Attempt to read property "title" on null in /Users/local/Local Sites/myfirstwebsite/app/public/wp-includes/class-wp-customize-widgets.php on line 905
[16-Mar-2024 23:09:45 UTC] PHP Warning:  Attempt to read property "title" on null in /Users/local/Local Sites/myfirstwebsite/app/public/wp-includes/class-wp-customize-widgets.php on line 905
[16-Mar-2024 23:10:53 UTC] PHP Warning:  Attempt to read property "title" on null in /Users/local/Local Sites/myfirstwebsite/app/public/wp-includes/class-wp-customize-widgets.php on line 905
[16-Mar-2024 23:11:17 UTC] PHP Warning:  Attempt to read property "title" on null in /Users/local/Local Sites/myfirstwebsite/app/public/wp-includes/class-wp-customize-widgets.php on line 905
[16-Mar-2024 23:12:08 UTC] PHP Warning:  Attempt to read property "title" on null in /Users/local/Local Sites/myfirstwebsite/app/public/wp-includes/class-wp-customize-widgets.php on line 905
[16-Mar-2024 23:15:30 UTC] PHP Warning:  Attempt to read property "title" on null in /Users/local/Local Sites/myfirstwebsite/app/public/wp-includes/class-wp-customize-widgets.php on line 905
[16-Mar-2024 23:16:17 UTC] PHP Warning:  Attempt to read property "title" on null in /Users/local/Local Sites/myfirstwebsite/app/public/wp-includes/class-wp-customize-widgets.php on line 905
[17-Mar-2024 08:30:49 UTC] PHP Warning:  Attempt to read property "title" on null in /Users/local/Local Sites/myfirstwebsite/app/public/wp-includes/class-wp-customize-widgets.php on line 905
[17-Mar-2024 08:31:18 UTC] PHP Warning:  Attempt to read property "title" on null in /Users/local/Local Sites/myfirstwebsite/app/public/wp-includes/class-wp-customize-widgets.php on line 905
[17-Mar-2024 08:33:06 UTC] PHP Warning:  Attempt to read property "title" on null in /Users/local/Local Sites/myfirstwebsite/app/public/wp-includes/class-wp-customize-widgets.php on line 905
[17-Mar-2024 08:33:19 UTC] PHP Warning:  Attempt to read property "title" on null in /Users/local/Local Sites/myfirstwebsite/app/public/wp-includes/class-wp-customize-widgets.php on line 905
[17-Mar-2024 08:33:21 UTC] PHP Warning:  Attempt to read property "title" on null in /Users/local/Local Sites/myfirstwebsite/app/public/wp-includes/class-wp-customize-widgets.php on line 905
[17-Mar-2024 08:39:56 UTC] PHP Parse error:  syntax error, unexpected identifier "id", expecting "]" in /Users/local/Local Sites/myfirstwebsite/app/public/wp-content/themes/wpbootstrap/functions.php on line 63
[17-Mar-2024 08:39:56 UTC] PHP Warning:  Trying to access array offset on false in /Users/local/Local Sites/myfirstwebsite/app/public/wp-includes/class-wp-recovery-mode-email-service.php on line 367
[17-Mar-2024 08:39:56 UTC] PHP Warning:  Trying to access array offset on false in /Users/local/Local Sites/myfirstwebsite/app/public/wp-includes/class-wp-recovery-mode-email-service.php on line 368
[17-Mar-2024 08:41:22 UTC] PHP Warning:  Attempt to read property "title" on null in /Users/local/Local Sites/myfirstwebsite/app/public/wp-includes/class-wp-customize-widgets.php on line 905
[17-Mar-2024 08:56:13 UTC] PHP Warning:  Attempt to read property "title" on null in /Users/local/Local Sites/myfirstwebsite/app/public/wp-includes/class-wp-customize-widgets.php on line 905
[17-Mar-2024 09:01:06 UTC] PHP Warning:  Attempt to read property "title" on null in /Users/local/Local Sites/myfirstwebsite/app/public/wp-includes/class-wp-customize-widgets.php on line 905
[17-Mar-2024 09:04:32 UTC] PHP Warning:  Attempt to read property "title" on null in /Users/local/Local Sites/myfirstwebsite/app/public/wp-includes/class-wp-customize-widgets.php on line 905
[17-Mar-2024 09:06:23 UTC] PHP Warning:  Attempt to read property "title" on null in /Users/local/Local Sites/myfirstwebsite/app/public/wp-includes/class-wp-customize-widgets.php on line 905
[17-Mar-2024 09:06:23 UTC] PHP Warning:  Attempt to read property "title" on null in /Users/local/Local Sites/myfirstwebsite/app/public/wp-includes/class-wp-customize-widgets.php on line 905
[17-Mar-2024 09:08:46 UTC] PHP Warning:  Attempt to read property "title" on null in /Users/local/Local Sites/myfirstwebsite/app/public/wp-includes/class-wp-customize-widgets.php on line 905
[17-Mar-2024 09:08:49 UTC] PHP Warning:  Attempt to read property "title" on null in /Users/local/Local Sites/myfirstwebsite/app/public/wp-includes/class-wp-customize-widgets.php on line 905
[17-Mar-2024 09:09:28 UTC] PHP Warning:  Attempt to read property "title" on null in /Users/local/Local Sites/myfirstwebsite/app/public/wp-includes/class-wp-customize-widgets.php on line 905
[17-Mar-2024 09:10:54 UTC] PHP Warning:  Attempt to read property "title" on null in /Users/local/Local Sites/myfirstwebsite/app/public/wp-includes/class-wp-customize-widgets.php on line 905
[17-Mar-2024 09:19:37 UTC] PHP Warning:  Attempt to read property "title" on null in /Users/local/Local Sites/myfirstwebsite/app/public/wp-includes/class-wp-customize-widgets.php on line 905
[17-Mar-2024 09:20:01 UTC] PHP Warning:  Attempt to read property "title" on null in /Users/local/Local Sites/myfirstwebsite/app/public/wp-includes/class-wp-customize-widgets.php on line 905
[17-Mar-2024 09:21:19 UTC] PHP Warning:  Attempt to read property "title" on null in /Users/local/Local Sites/myfirstwebsite/app/public/wp-includes/class-wp-customize-widgets.php on line 905
[17-Mar-2024 09:24:33 UTC] PHP Warning:  Attempt to read property "title" on null in /Users/local/Local Sites/myfirstwebsite/app/public/wp-includes/class-wp-customize-widgets.php on line 905
[17-Mar-2024 09:25:13 UTC] PHP Warning:  Attempt to read property "title" on null in /Users/local/Local Sites/myfirstwebsite/app/public/wp-includes/class-wp-customize-widgets.php on line 905
[17-Mar-2024 09:26:48 UTC] PHP Warning:  Attempt to read property "title" on null in /Users/local/Local Sites/myfirstwebsite/app/public/wp-includes/class-wp-customize-widgets.php on line 905
[17-Mar-2024 09:27:28 UTC] PHP Warning:  Attempt to read property "title" on null in /Users/local/Local Sites/myfirstwebsite/app/public/wp-includes/class-wp-customize-widgets.php on line 905
[17-Mar-2024 09:27:59 UTC] PHP Warning:  Attempt to read property "title" on null in /Users/local/Local Sites/myfirstwebsite/app/public/wp-includes/class-wp-customize-widgets.php on line 905
[17-Mar-2024 09:28:47 UTC] PHP Warning:  Attempt to read property "title" on null in /Users/local/Local Sites/myfirstwebsite/app/public/wp-includes/class-wp-customize-widgets.php on line 905
[17-Mar-2024 09:30:27 UTC] PHP Warning:  Attempt to read property "title" on null in /Users/local/Local Sites/myfirstwebsite/app/public/wp-includes/class-wp-customize-widgets.php on line 905
[17-Mar-2024 09:31:45 UTC] PHP Warning:  Attempt to read property "title" on null in /Users/local/Local Sites/myfirstwebsite/app/public/wp-includes/class-wp-customize-widgets.php on line 905
[17-Mar-2024 09:35:58 UTC] PHP Warning:  Attempt to read property "title" on null in /Users/local/Local Sites/myfirstwebsite/app/public/wp-includes/class-wp-customize-widgets.php on line 905
[17-Mar-2024 09:36:25 UTC] PHP Warning:  Attempt to read property "title" on null in /Users/local/Local Sites/myfirstwebsite/app/public/wp-includes/class-wp-customize-widgets.php on line 905
[17-Mar-2024 09:37:12 UTC] PHP Warning:  Attempt to read property "title" on null in /Users/local/Local Sites/myfirstwebsite/app/public/wp-includes/class-wp-customize-widgets.php on line 905
[17-Mar-2024 09:42:37 UTC] PHP Warning:  Attempt to read property "title" on null in /Users/local/Local Sites/myfirstwebsite/app/public/wp-includes/class-wp-customize-widgets.php on line 905
[17-Mar-2024 09:46:55 UTC] PHP Warning:  Attempt to read property "title" on null in /Users/local/Local Sites/myfirstwebsite/app/public/wp-includes/class-wp-customize-widgets.php on line 905
[17-Mar-2024 09:48:28 UTC] PHP Warning:  Attempt to read property "title" on null in /Users/local/Local Sites/myfirstwebsite/app/public/wp-includes/class-wp-customize-widgets.php on line 905
[17-Mar-2024 09:49:12 UTC] PHP Warning:  Attempt to read property "title" on null in /Users/local/Local Sites/myfirstwebsite/app/public/wp-includes/class-wp-customize-widgets.php on line 905
[17-Mar-2024 09:50:04 UTC] PHP Warning:  Attempt to read property "title" on null in /Users/local/Local Sites/myfirstwebsite/app/public/wp-includes/class-wp-customize-widgets.php on line 905
[17-Mar-2024 09:51:27 UTC] PHP Warning:  Attempt to read property "title" on null in /Users/local/Local Sites/myfirstwebsite/app/public/wp-includes/class-wp-customize-widgets.php on line 905
[17-Mar-2024 09:53:13 UTC] PHP Warning:  Attempt to read property "title" on null in /Users/local/Local Sites/myfirstwebsite/app/public/wp-includes/class-wp-customize-widgets.php on line 905
[17-Mar-2024 09:53:57 UTC] PHP Warning:  Attempt to read property "title" on null in /Users/local/Local Sites/myfirstwebsite/app/public/wp-includes/class-wp-customize-widgets.php on line 905
[17-Mar-2024 09:54:36 UTC] PHP Warning:  Attempt to read property "title" on null in /Users/local/Local Sites/myfirstwebsite/app/public/wp-includes/class-wp-customize-widgets.php on line 905
[17-Mar-2024 09:54:36 UTC] PHP Warning:  Attempt to read property "title" on null in /Users/local/Local Sites/myfirstwebsite/app/public/wp-includes/class-wp-customize-widgets.php on line 905
[17-Mar-2024 09:55:16 UTC] PHP Warning:  Attempt to read property "title" on null in /Users/local/Local Sites/myfirstwebsite/app/public/wp-includes/class-wp-customize-widgets.php on line 905
[17-Mar-2024 09:55:53 UTC] PHP Warning:  Attempt to read property "title" on null in /Users/local/Local Sites/myfirstwebsite/app/public/wp-includes/class-wp-customize-widgets.php on line 905
[17-Mar-2024 09:58:54 UTC] PHP Warning:  Attempt to read property "title" on null in /Users/local/Local Sites/myfirstwebsite/app/public/wp-includes/class-wp-customize-widgets.php on line 905
[17-Mar-2024 10:00:38 UTC] PHP Warning:  Attempt to read property "title" on null in /Users/local/Local Sites/myfirstwebsite/app/public/wp-includes/class-wp-customize-widgets.php on line 905
[17-Mar-2024 10:00:50 UTC] PHP Warning:  Attempt to read property "title" on null in /Users/local/Local Sites/myfirstwebsite/app/public/wp-includes/class-wp-customize-widgets.php on line 905
[17-Mar-2024 10:01:55 UTC] PHP Warning:  Attempt to read property "title" on null in /Users/local/Local Sites/myfirstwebsite/app/public/wp-includes/class-wp-customize-widgets.php on line 905
[17-Mar-2024 10:08:26 UTC] PHP Warning:  Attempt to read property "title" on null in /Users/local/Local Sites/myfirstwebsite/app/public/wp-includes/class-wp-customize-widgets.php on line 905
[17-Mar-2024 10:09:11 UTC] PHP Warning:  Attempt to read property "title" on null in /Users/local/Local Sites/myfirstwebsite/app/public/wp-includes/class-wp-customize-widgets.php on line 905
[17-Mar-2024 10:09:14 UTC] PHP Warning:  Attempt to read property "title" on null in /Users/local/Local Sites/myfirstwebsite/app/public/wp-includes/class-wp-customize-widgets.php on line 905
[17-Mar-2024 10:10:13 UTC] PHP Warning:  Attempt to read property "title" on null in /Users/local/Local Sites/myfirstwebsite/app/public/wp-includes/class-wp-customize-widgets.php on line 905
[17-Mar-2024 10:10:47 UTC] PHP Warning:  Attempt to read property "title" on null in /Users/local/Local Sites/myfirstwebsite/app/public/wp-includes/class-wp-customize-widgets.php on line 905
[17-Mar-2024 10:12:38 UTC] PHP Warning:  Attempt to read property "title" on null in /Users/local/Local Sites/myfirstwebsite/app/public/wp-includes/class-wp-customize-widgets.php on line 905
[17-Mar-2024 10:14:54 UTC] PHP Warning:  Attempt to read property "title" on null in /Users/local/Local Sites/myfirstwebsite/app/public/wp-includes/class-wp-customize-widgets.php on line 905
[17-Mar-2024 10:15:58 UTC] PHP Warning:  Attempt to read property "title" on null in /Users/local/Local Sites/myfirstwebsite/app/public/wp-includes/class-wp-customize-widgets.php on line 905
[17-Mar-2024 10:16:28 UTC] PHP Warning:  Attempt to read property "title" on null in /Users/local/Local Sites/myfirstwebsite/app/public/wp-includes/class-wp-customize-widgets.php on line 905
[17-Mar-2024 10:17:27 UTC] PHP Warning:  Attempt to read property "title" on null in /Users/local/Local Sites/myfirstwebsite/app/public/wp-includes/class-wp-customize-widgets.php on line 905
[17-Mar-2024 10:18:23 UTC] PHP Warning:  Attempt to read property "title" on null in /Users/local/Local Sites/myfirstwebsite/app/public/wp-includes/class-wp-customize-widgets.php on line 905
[17-Mar-2024 10:19:09 UTC] PHP Warning:  Attempt to read property "title" on null in /Users/local/Local Sites/myfirstwebsite/app/public/wp-includes/class-wp-customize-widgets.php on line 905
[17-Mar-2024 10:23:18 UTC] PHP Warning:  Attempt to read property "title" on null in /Users/local/Local Sites/myfirstwebsite/app/public/wp-includes/class-wp-customize-widgets.php on line 905
[17-Mar-2024 10:24:13 UTC] PHP Warning:  Attempt to read property "title" on null in /Users/local/Local Sites/myfirstwebsite/app/public/wp-includes/class-wp-customize-widgets.php on line 905
[17-Mar-2024 10:24:31 UTC] PHP Warning:  Attempt to read property "title" on null in /Users/local/Local Sites/myfirstwebsite/app/public/wp-includes/class-wp-customize-widgets.php on line 905
[17-Mar-2024 10:25:32 UTC] PHP Warning:  Attempt to read property "title" on null in /Users/local/Local Sites/myfirstwebsite/app/public/wp-includes/class-wp-customize-widgets.php on line 905
[17-Mar-2024 10:25:33 UTC] PHP Warning:  Attempt to read property "title" on null in /Users/local/Local Sites/myfirstwebsite/app/public/wp-includes/class-wp-customize-widgets.php on line 905
[17-Mar-2024 10:26:28 UTC] PHP Warning:  Attempt to read property "title" on null in /Users/local/Local Sites/myfirstwebsite/app/public/wp-includes/class-wp-customize-widgets.php on line 905
[17-Mar-2024 10:26:29 UTC] PHP Fatal error:  Uncaught Error: Call to undefined function wp_kses_post2() in /Users/local/Local Sites/myfirstwebsite/app/public/wp-content/themes/wpbootstrap/front-page.php:12
Stack trace:
#0 /Users/local/Local Sites/myfirstwebsite/app/public/wp-includes/template-loader.php(106): include()
#1 /Users/local/Local Sites/myfirstwebsite/app/public/wp-blog-header.php(19): require_once('/Users/local/Lo...')
#2 /Users/local/Local Sites/myfirstwebsite/app/public/index.php(17): require('/Users/local/Lo...')
#3 {main}
  thrown in /Users/local/Local Sites/myfirstwebsite/app/public/wp-content/themes/wpbootstrap/front-page.php on line 12
[17-Mar-2024 10:26:41 UTC] PHP Warning:  Attempt to read property "title" on null in /Users/local/Local Sites/myfirstwebsite/app/public/wp-includes/class-wp-customize-widgets.php on line 905
[17-Mar-2024 10:28:04 UTC] PHP Warning:  Attempt to read property "title" on null in /Users/local/Local Sites/myfirstwebsite/app/public/wp-includes/class-wp-customize-widgets.php on line 905
[17-Mar-2024 10:28:42 UTC] PHP Warning:  Attempt to read property "title" on null in /Users/local/Local Sites/myfirstwebsite/app/public/wp-includes/class-wp-customize-widgets.php on line 905
[17-Mar-2024 10:31:22 UTC] PHP Warning:  Attempt to read property "title" on null in /Users/local/Local Sites/myfirstwebsite/app/public/wp-includes/class-wp-customize-widgets.php on line 905
[17-Mar-2024 10:34:58 UTC] PHP Fatal error:  Uncaught TypeError: call_user_func_array(): Argument #1 ($callback) must be a valid callback, function "customize_main" not found or invalid function name in /Users/local/Local Sites/myfirstwebsite/app/public/wp-includes/class-wp-hook.php:324
Stack trace:
#0 /Users/local/Local Sites/myfirstwebsite/app/public/wp-includes/class-wp-hook.php(348): WP_Hook->apply_filters(NULL, Array)
#1 /Users/local/Local Sites/myfirstwebsite/app/public/wp-includes/plugin.php(517): WP_Hook->do_action(Array)
#2 /Users/local/Local Sites/myfirstwebsite/app/public/wp-includes/class-wp-customize-manager.php(942): do_action('customize_regis...', Object(WP_Customize_Manager))
#3 /Users/local/Local Sites/myfirstwebsite/app/public/wp-includes/class-wp-hook.php(324): WP_Customize_Manager->wp_loaded('')
#4 /Users/local/Local Sites/myfirstwebsite/app/public/wp-includes/class-wp-hook.php(348): WP_Hook->apply_filters(NULL, Array)
#5 /Users/local/Local Sites/myfirstwebsite/app/public/wp-includes/plugin.php(517): WP_Hook->do_action(Array)
#6 /Users/local/Local Sites/myfirstwebsite/app/public/wp-settings.php(665): do_action('wp_loaded')
#7 /Users/local/Local Sites/myfirstwebsite/app/public/wp-config.php(103): require_once('/Users/local/Lo...')
#8 /Users/local/Local Sites/myfirstwebsite/app/public/wp-load.php(50): require_once('/Users/local/Lo...')
#9 /Users/local/Local Sites/myfirstwebsite/app/public/wp-admin/admin-ajax.php(22): require_once('/Users/local/Lo...')
#10 {main}
  thrown in /Users/local/Local Sites/myfirstwebsite/app/public/wp-includes/class-wp-hook.php on line 324
[17-Mar-2024 10:35:00 UTC] PHP Warning:  Attempt to read property "title" on null in /Users/local/Local Sites/myfirstwebsite/app/public/wp-includes/class-wp-customize-widgets.php on line 905
[17-Mar-2024 10:36:54 UTC] PHP Warning:  Attempt to read property "title" on null in /Users/local/Local Sites/myfirstwebsite/app/public/wp-includes/class-wp-customize-widgets.php on line 905
[17-Mar-2024 10:38:14 UTC] PHP Warning:  Attempt to read property "title" on null in /Users/local/Local Sites/myfirstwebsite/app/public/wp-includes/class-wp-customize-widgets.php on line 905
[17-Mar-2024 10:41:08 UTC] PHP Warning:  Attempt to read property "title" on null in /Users/local/Local Sites/myfirstwebsite/app/public/wp-includes/class-wp-customize-widgets.php on line 905
[17-Mar-2024 10:43:15 UTC] PHP Warning:  Attempt to read property "title" on null in /Users/local/Local Sites/myfirstwebsite/app/public/wp-includes/class-wp-customize-widgets.php on line 905
[17-Mar-2024 10:44:14 UTC] PHP Warning:  Attempt to read property "title" on null in /Users/local/Local Sites/myfirstwebsite/app/public/wp-includes/class-wp-customize-widgets.php on line 905
[17-Mar-2024 10:47:32 UTC] PHP Warning:  Attempt to read property "title" on null in /Users/local/Local Sites/myfirstwebsite/app/public/wp-includes/class-wp-customize-widgets.php on line 905
[17-Mar-2024 10:56:04 UTC] PHP Warning:  Attempt to read property "title" on null in /Users/local/Local Sites/myfirstwebsite/app/public/wp-includes/class-wp-customize-widgets.php on line 905
[17-Mar-2024 10:58:06 UTC] PHP Warning:  Attempt to read property "title" on null in /Users/local/Local Sites/myfirstwebsite/app/public/wp-includes/class-wp-customize-widgets.php on line 905
[17-Mar-2024 10:58:28 UTC] PHP Warning:  Attempt to read property "title" on null in /Users/local/Local Sites/myfirstwebsite/app/public/wp-includes/class-wp-customize-widgets.php on line 905
[17-Mar-2024 10:58:38 UTC] PHP Warning:  Attempt to read property "title" on null in /Users/local/Local Sites/myfirstwebsite/app/public/wp-includes/class-wp-customize-widgets.php on line 905
[17-Mar-2024 11:44:31 UTC] PHP Warning:  Attempt to read property "title" on null in /Users/local/Local Sites/myfirstwebsite/app/public/wp-includes/class-wp-customize-widgets.php on line 905
[17-Mar-2024 11:46:14 UTC] PHP Warning:  Attempt to read property "title" on null in /Users/local/Local Sites/myfirstwebsite/app/public/wp-includes/class-wp-customize-widgets.php on line 905
[17-Mar-2024 11:47:56 UTC] PHP Warning:  Attempt to read property "title" on null in /Users/local/Local Sites/myfirstwebsite/app/public/wp-includes/class-wp-customize-widgets.php on line 905
[17-Mar-2024 11:50:03 UTC] PHP Warning:  Attempt to read property "title" on null in /Users/local/Local Sites/myfirstwebsite/app/public/wp-includes/class-wp-customize-widgets.php on line 905
[17-Mar-2024 11:50:20 UTC] PHP Warning:  Attempt to read property "title" on null in /Users/local/Local Sites/myfirstwebsite/app/public/wp-includes/class-wp-customize-widgets.php on line 905
[17-Mar-2024 11:50:41 UTC] PHP Warning:  Attempt to read property "title" on null in /Users/local/Local Sites/myfirstwebsite/app/public/wp-includes/class-wp-customize-widgets.php on line 905
[17-Mar-2024 12:10:14 UTC] PHP Warning:  Attempt to read property "title" on null in /Users/local/Local Sites/myfirstwebsite/app/public/wp-includes/class-wp-customize-widgets.php on line 905
[17-Mar-2024 15:44:41 UTC] PHP Warning:  Attempt to read property "title" on null in /Users/local/Local Sites/myfirstwebsite/app/public/wp-includes/class-wp-customize-widgets.php on line 905
[18-Mar-2024 13:12:47 UTC] PHP Warning:  Attempt to read property "title" on null in /Users/local/Local Sites/myfirstwebsite/app/public/wp-includes/class-wp-customize-widgets.php on line 905
[18-Mar-2024 13:13:01 UTC] PHP Warning:  Attempt to read property "title" on null in /Users/local/Local Sites/myfirstwebsite/app/public/wp-includes/class-wp-customize-widgets.php on line 905
[18-Mar-2024 13:16:19 UTC] PHP Warning:  Attempt to read property "title" on null in /Users/local/Local Sites/myfirstwebsite/app/public/wp-includes/class-wp-customize-widgets.php on line 905
[18-Mar-2024 13:16:36 UTC] PHP Warning:  Attempt to read property "title" on null in /Users/local/Local Sites/myfirstwebsite/app/public/wp-includes/class-wp-customize-widgets.php on line 905
[18-Mar-2024 13:17:52 UTC] PHP Warning:  Attempt to read property "title" on null in /Users/local/Local Sites/myfirstwebsite/app/public/wp-includes/class-wp-customize-widgets.php on line 905
[18-Mar-2024 14:34:42 UTC] PHP Warning:  Attempt to read property "title" on null in /Users/local/Local Sites/myfirstwebsite/app/public/wp-includes/class-wp-customize-widgets.php on line 905
[18-Mar-2024 14:37:54 UTC] PHP Warning:  Attempt to read property "title" on null in /Users/local/Local Sites/myfirstwebsite/app/public/wp-includes/class-wp-customize-widgets.php on line 905
[18-Mar-2024 14:39:24 UTC] PHP Warning:  Attempt to read property "title" on null in /Users/local/Local Sites/myfirstwebsite/app/public/wp-includes/class-wp-customize-widgets.php on line 905
[18-Mar-2024 14:39:25 UTC] PHP Warning:  Attempt to read property "title" on null in /Users/local/Local Sites/myfirstwebsite/app/public/wp-includes/class-wp-customize-widgets.php on line 905
[18-Mar-2024 14:44:25 UTC] PHP Warning:  Attempt to read property "title" on null in /Users/local/Local Sites/myfirstwebsite/app/public/wp-includes/class-wp-customize-widgets.php on line 905
[18-Mar-2024 14:44:56 UTC] PHP Warning:  Attempt to read property "title" on null in /Users/local/Local Sites/myfirstwebsite/app/public/wp-includes/class-wp-customize-widgets.php on line 905
[18-Mar-2024 14:45:38 UTC] PHP Warning:  Attempt to read property "title" on null in /Users/local/Local Sites/myfirstwebsite/app/public/wp-includes/class-wp-customize-widgets.php on line 905
[18-Mar-2024 14:45:38 UTC] PHP Warning:  Attempt to read property "title" on null in /Users/local/Local Sites/myfirstwebsite/app/public/wp-includes/class-wp-customize-widgets.php on line 905
[18-Mar-2024 14:47:25 UTC] PHP Warning:  Attempt to read property "title" on null in /Users/local/Local Sites/myfirstwebsite/app/public/wp-includes/class-wp-customize-widgets.php on line 905
[18-Mar-2024 14:48:02 UTC] PHP Warning:  Attempt to read property "title" on null in /Users/local/Local Sites/myfirstwebsite/app/public/wp-includes/class-wp-customize-widgets.php on line 905
[18-Mar-2024 14:48:56 UTC] PHP Warning:  Attempt to read property "title" on null in /Users/local/Local Sites/myfirstwebsite/app/public/wp-includes/class-wp-customize-widgets.php on line 905
[18-Mar-2024 14:48:57 UTC] PHP Warning:  Attempt to read property "title" on null in /Users/local/Local Sites/myfirstwebsite/app/public/wp-includes/class-wp-customize-widgets.php on line 905
[18-Mar-2024 14:49:26 UTC] PHP Warning:  Attempt to read property "title" on null in /Users/local/Local Sites/myfirstwebsite/app/public/wp-includes/class-wp-customize-widgets.php on line 905
[18-Mar-2024 14:50:59 UTC] PHP Warning:  Attempt to read property "title" on null in /Users/local/Local Sites/myfirstwebsite/app/public/wp-includes/class-wp-customize-widgets.php on line 905
[18-Mar-2024 14:51:11 UTC] PHP Warning:  Attempt to read property "title" on null in /Users/local/Local Sites/myfirstwebsite/app/public/wp-includes/class-wp-customize-widgets.php on line 905
[18-Mar-2024 14:51:22 UTC] PHP Warning:  Attempt to read property "title" on null in /Users/local/Local Sites/myfirstwebsite/app/public/wp-includes/class-wp-customize-widgets.php on line 905
[18-Mar-2024 14:51:23 UTC] PHP Warning:  Attempt to read property "title" on null in /Users/local/Local Sites/myfirstwebsite/app/public/wp-includes/class-wp-customize-widgets.php on line 905
